current directory: /home/tst/Work/Infinispan/infinispan.github.io/.bundle/ruby/3.3.0/gems/eventmachine-1.2.7/ext/fastfilereader
/usr/bin/ruby3.3 -I/usr/lib/ruby/vendor_ruby extconf.rb
creating Makefile

current directory: /home/tst/Work/Infinispan/infinispan.github.io/.bundle/ruby/3.3.0/gems/eventmachine-1.2.7/ext/fastfilereader
make DESTDIR\= sitearchdir\=./.gem.20260330-878579-xvagie sitelibdir\=./.gem.20260330-878579-xvagie clean

current directory: /home/tst/Work/Infinispan/infinispan.github.io/.bundle/ruby/3.3.0/gems/eventmachine-1.2.7/ext/fastfilereader
make DESTDIR\= sitearchdir\=./.gem.20260330-878579-xvagie sitelibdir\=./.gem.20260330-878579-xvagie
compiling mapper.cpp
compiling rubymain.cpp
In file included from /usr/include/ruby-3.3.0/ruby/internal/stdbool.h:31,
                 from /usr/include/ruby-3.3.0/ruby/backward/2/bool.h:22,
                 from /usr/include/ruby-3.3.0/ruby/defines.h:74,
                 from /usr/include/ruby-3.3.0/ruby/ruby.h:25,
                 from /usr/include/ruby-3.3.0/ruby.h:38,
                 from rubymain.cpp:25:
/usr/include/c++/15/cstdbool:50:6: warning: #warning "<cstdbool> is deprecated in C++17, remove the #include" [-Wcpp]
   50 | #    warning "<cstdbool> is deprecated in C++17, remove the #include"
      |      ^~~~~~~
linking shared-object fastfilereaderext.so

current directory: /home/tst/Work/Infinispan/infinispan.github.io/.bundle/ruby/3.3.0/gems/eventmachine-1.2.7/ext/fastfilereader
make DESTDIR\= sitearchdir\=./.gem.20260330-878579-xvagie sitelibdir\=./.gem.20260330-878579-xvagie install
/usr/bin/install -c -m 0755 fastfilereaderext.so ./.gem.20260330-878579-xvagie

current directory: /home/tst/Work/Infinispan/infinispan.github.io/.bundle/ruby/3.3.0/gems/eventmachine-1.2.7/ext/fastfilereader
make DESTDIR\= sitearchdir\=./.gem.20260330-878579-xvagie sitelibdir\=./.gem.20260330-878579-xvagie clean
